#
# An unexpected error has occurred (11)
#
Stack:
/lib64/libc.so.6(+0x3e9a0) [0x7ff6aa65c9a0]
/opt/Xilinx/Vivado/2023.2/lib/lnx64.o/librdi_synth.so(NBaseModC::destroy()+0x84) [0x7ff6691d4ef4]
/opt/Xilinx/Vivado/2023.2/lib/lnx64.o/librdi_synth.so(NVirtModC::~NVirtModC()+0x17) [0x7ff6691d52d7]
/opt/Xilinx/Vivado/2023.2/lib/lnx64.o/librdi_synth.so(+0x27da151) [0x7ff6691da151]
/opt/Xilinx/Vivado/2023.2/lib/lnx64.o/librdi_synth.so(NInstC::~NInstC()+0x8b) [0x7ff6691a91ab]
/opt/Xilinx/Vivado/2023.2/lib/lnx64.o/librdi_synth.so(NBaseModC::_delInstance(NInstC*, bool)+0x14c) [0x7ff6691d4d9c]
/opt/Xilinx/Vivado/2023.2/lib/lnx64.o/librdi_synth.so(NBaseModC::destroy()+0x149) [0x7ff6691d4fb9]
/opt/Xilinx/Vivado/2023.2/lib/lnx64.o/librdi_synth.so(NRealModC::~NRealModC()+0x6f) [0x7ff6691d50ef]
/opt/Xilinx/Vivado/2023.2/lib/lnx64.o/librdi_synth.so(NRealModC::~NRealModC()+0x9) [0x7ff6691d52a9]
/opt/Xilinx/Vivado/2023.2/lib/lnx64.o/librdi_synth.so(NDesC::delModules(NRealModC*, bool)+0x130) [0x7ff66917af70]
/opt/Xilinx/Vivado/2023.2/lib/lnx64.o/librdi_synth.so(NDesC::delAllModules(bool)+0xa7) [0x7ff66917b4f7]
/opt/Xilinx/Vivado/2023.2/lib/lnx64.o/librdi_synth.so(NDesC::destroy(NDupStraps*)+0x3db) [0x7ff66917bf6b]
/opt/Xilinx/Vivado/2023.2/lib/lnx64.o/librdi_synth.so(NGenC::forgetDesign() const+0x5e) [0x7ff66918cfde]
/opt/Xilinx/Vivado/2023.2/lib/lnx64.o/librdi_synth.so(NDbC::delGenome(NGenC*)+0x127) [0x7ff66916b697]
/opt/Xilinx/Vivado/2023.2/lib/lnx64.o/librdi_synth.so(NGenC::delParent(NInstC*)+0xa7) [0x7ff66918ddb7]
/opt/Xilinx/Vivado/2023.2/lib/lnx64.o/librdi_synth.so(NInstC::bindWithoutCallbacks(NRefC*, bool, bool)+0x111) [0x7ff6691ae801]
/opt/Xilinx/Vivado/2023.2/lib/lnx64.o/librdi_synth.so(NInstC::bind(NRefC*, bool, bool)+0x218) [0x7ff6691afb38]
/opt/Xilinx/Vivado/2023.2/lib/lnx64.o/librdi_synth.so(NGenJob::replaceWithBBoxGenome(UString*, bool)+0x2ee) [0x7ff669196e0e]
/opt/Xilinx/Vivado/2023.2/lib/lnx64.o/librdi_synth.so(HARTNDb::replaceWithBBoxGenome(char const*)+0xe0) [0x7ff667c9ffb0]
/opt/Xilinx/Vivado/2023.2/lib/lnx64.o/librdi_synth.so(+0x13cb4b5) [0x7ff667dcb4b5]
/opt/Xilinx/Vivado/2023.2/lib/lnx64.o/librdi_synth.so(+0x1321b35) [0x7ff667d21b35]
/opt/Xilinx/Vivado/2023.2/lib/lnx64.o/libtcl8.5.so(+0x3356f) [0x7ff6a5e3356f]
/opt/Xilinx/Vivado/2023.2/lib/lnx64.o/libtcl8.5.so(+0x76945) [0x7ff6a5e76945]
/opt/Xilinx/Vivado/2023.2/lib/lnx64.o/libtcl8.5.so(+0x7e0f9) [0x7ff6a5e7e0f9]
/opt/Xilinx/Vivado/2023.2/lib/lnx64.o/libtcl8.5.so(TclEvalObjEx+0x76) [0x7ff6a5e35216]
/opt/Xilinx/Vivado/2023.2/lib/lnx64.o/libtcl8.5.so(+0x3e824) [0x7ff6a5e3e824]
/opt/Xilinx/Vivado/2023.2/lib/lnx64.o/libtcl8.5.so(+0x3356f) [0x7ff6a5e3356f]
/opt/Xilinx/Vivado/2023.2/lib/lnx64.o/libtcl8.5.so(+0x34bf8) [0x7ff6a5e34bf8]
/opt/Xilinx/Vivado/2023.2/lib/lnx64.o/libtcl8.5.so(Tcl_EvalEx+0x13) [0x7ff6a5e35163]
/opt/Xilinx/Vivado/2023.2/lib/lnx64.o/libtcl8.5.so(Tcl_FSEvalFileEx+0x1da) [0x7ff6a5e99d2a]
/opt/Xilinx/Vivado/2023.2/lib/lnx64.o/librdi_commontasks.so(+0x27e220) [0x7ff691a7e220]
/opt/Xilinx/Vivado/2023.2/lib/lnx64.o/librdi_common.so(+0xd7d9bf) [0x7ff6ab97d9bf]
/opt/Xilinx/Vivado/2023.2/lib/lnx64.o/libtcl8.5.so(+0x3356f) [0x7ff6a5e3356f]
/opt/Xilinx/Vivado/2023.2/lib/lnx64.o/libtcl8.5.so(+0x34bf8) [0x7ff6a5e34bf8]
/opt/Xilinx/Vivado/2023.2/lib/lnx64.o/libtcl8.5.so(Tcl_EvalEx+0x13) [0x7ff6a5e35163]
/opt/Xilinx/Vivado/2023.2/lib/lnx64.o/libtcl8.5.so(Tcl_FSEvalFileEx+0x1da) [0x7ff6a5e99d2a]
/opt/Xilinx/Vivado/2023.2/lib/lnx64.o/librdi_commontasks.so(+0x27e220) [0x7ff691a7e220]
/opt/Xilinx/Vivado/2023.2/lib/lnx64.o/librdi_common.so(+0xd7d9bf) [0x7ff6ab97d9bf]
/opt/Xilinx/Vivado/2023.2/lib/lnx64.o/libtcl8.5.so(+0x3356f) [0x7ff6a5e3356f]
/opt/Xilinx/Vivado/2023.2/lib/lnx64.o/libtcl8.5.so(+0x34bf8) [0x7ff6a5e34bf8]
/opt/Xilinx/Vivado/2023.2/lib/lnx64.o/libtcl8.5.so(Tcl_EvalEx+0x13) [0x7ff6a5e35163]
/opt/Xilinx/Vivado/2023.2/lib/lnx64.o/libtcl8.5.so(TclEvalObjEx+0x3cf) [0x7ff6a5e3556f]
/opt/Xilinx/Vivado/2023.2/lib/lnx64.o/libtcl8.5.so(+0xb7589) [0x7ff6a5eb7589]
/opt/Xilinx/Vivado/2023.2/lib/lnx64.o/libtcl8.5.so(+0x3356f) [0x7ff6a5e3356f]
/opt/Xilinx/Vivado/2023.2/lib/lnx64.o/libtcl8.5.so(+0x76945) [0x7ff6a5e76945]
/opt/Xilinx/Vivado/2023.2/lib/lnx64.o/libtcl8.5.so(TclObjInterpProcCore+0x420) [0x7ff6a5eb7ed0]
/opt/Xilinx/Vivado/2023.2/lib/lnx64.o/libtcl8.5.so(+0x3356f) [0x7ff6a5e3356f]
/opt/Xilinx/Vivado/2023.2/lib/lnx64.o/libtcl8.5.so(+0x34bf8) [0x7ff6a5e34bf8]
/opt/Xilinx/Vivado/2023.2/lib/lnx64.o/libtcl8.5.so(Tcl_EvalEx+0x13) [0x7ff6a5e35163]
/opt/Xilinx/Vivado/2023.2/lib/lnx64.o/libtcl8.5.so(TclEvalObjEx+0x3cf) [0x7ff6a5e3556f]
/opt/Xilinx/Vivado/2023.2/lib/lnx64.o/libtcl8.5.so(+0xb7589) [0x7ff6a5eb7589]
/opt/Xilinx/Vivado/2023.2/lib/lnx64.o/libtcl8.5.so(+0x3356f) [0x7ff6a5e3356f]
/opt/Xilinx/Vivado/2023.2/lib/lnx64.o/libtcl8.5.so(+0x76945) [0x7ff6a5e76945]
/opt/Xilinx/Vivado/2023.2/lib/lnx64.o/libtcl8.5.so(TclObjInterpProcCore+0x420) [0x7ff6a5eb7ed0]
/opt/Xilinx/Vivado/2023.2/lib/lnx64.o/libtcl8.5.so(+0x3356f) [0x7ff6a5e3356f]
/opt/Xilinx/Vivado/2023.2/lib/lnx64.o/libtcl8.5.so(+0x34bf8) [0x7ff6a5e34bf8]
/opt/Xilinx/Vivado/2023.2/lib/lnx64.o/libtcl8.5.so(Tcl_EvalEx+0x13) [0x7ff6a5e35163]
/opt/Xilinx/Vivado/2023.2/lib/lnx64.o/libtcl8.5.so(TclEvalObjEx+0x1e0) [0x7ff6a5e35380]
/opt/Xilinx/Vivado/2023.2/lib/lnx64.o/libtcl8.5.so(+0x3b445) [0x7ff6a5e3b445]
/opt/Xilinx/Vivado/2023.2/lib/lnx64.o/libtcl8.5.so(+0x3356f) [0x7ff6a5e3356f]
/opt/Xilinx/Vivado/2023.2/lib/lnx64.o/libtcl8.5.so(+0x76945) [0x7ff6a5e76945]
/opt/Xilinx/Vivado/2023.2/lib/lnx64.o/libtcl8.5.so(+0x7e0f9) [0x7ff6a5e7e0f9]
/opt/Xilinx/Vivado/2023.2/lib/lnx64.o/libtcl8.5.so(TclEvalObjEx+0x76) [0x7ff6a5e35216]
/opt/Xilinx/Vivado/2023.2/lib/lnx64.o/librdi_commontasks.so(+0x261fb1) [0x7ff691a61fb1]
/opt/Xilinx/Vivado/2023.2/lib/lnx64.o/libtcl8.5.so(+0x3356f) [0x7ff6a5e3356f]
/opt/Xilinx/Vivado/2023.2/lib/lnx64.o/libtcl8.5.so(+0x76945) [0x7ff6a5e76945]
/opt/Xilinx/Vivado/2023.2/lib/lnx64.o/libtcl8.5.so(TclObjInterpProcCore+0x420) [0x7ff6a5eb7ed0]
/opt/Xilinx/Vivado/2023.2/lib/lnx64.o/libtcl8.5.so(+0x3356f) [0x7ff6a5e3356f]
/opt/Xilinx/Vivado/2023.2/lib/lnx64.o/libtcl8.5.so(Tcl_EvalObjv+0x32) [0x7ff6a5e336a2]
/opt/Xilinx/Vivado/2023.2/lib/lnx64.o/libtcl8.5.so(TclEvalObjEx+0x322) [0x7ff6a5e354c2]
/opt/Xilinx/Vivado/2023.2/lib/lnx64.o/librdi_common.so(hdi::tcltasks::task_manager::eval_in_tcl(Tcl_Interp*, Tcl_Obj*, char const*, bool)+0x74d) [0x7ff6ab97be1d]
/opt/Xilinx/Vivado/2023.2/lib/lnx64.o/librdi_synth.so(HARTSWorker::runInternal()+0xe5) [0x7ff66888bff5]
/opt/Xilinx/Vivado/2023.2/lib/lnx64.o/librdi_synth.so(HARTSWorker::runJob(HARTSWorkerConfig&)+0x3f) [0x7ff66888d7af]
/opt/Xilinx/Vivado/2023.2/lib/lnx64.o/librdi_synth.so(HARTSWorker::mainLoop()+0x8b) [0x7ff66888f49b]
/opt/Xilinx/Vivado/2023.2/lib/lnx64.o/librdi_synth.so(HARTNDb::parallelListen(char const*, char const*, char const*)+0x39) [0x7ff667c9f9f9]
/opt/Xilinx/Vivado/2023.2/lib/lnx64.o/librdi_synth.so(+0x146e474) [0x7ff667e6e474]
/opt/Xilinx/Vivado/2023.2/lib/lnx64.o/librdi_synth.so(+0x1321b35) [0x7ff667d21b35]
/opt/Xilinx/Vivado/2023.2/lib/lnx64.o/libtcl8.5.so(+0x3356f) [0x7ff6a5e3356f]
/opt/Xilinx/Vivado/2023.2/lib/lnx64.o/libtcl8.5.so(+0x34bf8) [0x7ff6a5e34bf8]
/opt/Xilinx/Vivado/2023.2/lib/lnx64.o/libtcl8.5.so(Tcl_EvalEx+0x13) [0x7ff6a5e35163]
/opt/Xilinx/Vivado/2023.2/lib/lnx64.o/libtcl8.5.so(TclEvalObjEx+0x1e0) [0x7ff6a5e35380]
/opt/Xilinx/Vivado/2023.2/lib/lnx64.o/libtcl8.5.so(+0x3b445) [0x7ff6a5e3b445]
/opt/Xilinx/Vivado/2023.2/lib/lnx64.o/libtcl8.5.so(+0x3356f) [0x7ff6a5e3356f]
/opt/Xilinx/Vivado/2023.2/lib/lnx64.o/libtcl8.5.so(+0x76945) [0x7ff6a5e76945]
/opt/Xilinx/Vivado/2023.2/lib/lnx64.o/libtcl8.5.so(+0x7e0f9) [0x7ff6a5e7e0f9]
/opt/Xilinx/Vivado/2023.2/lib/lnx64.o/libtcl8.5.so(TclEvalObjEx+0x76) [0x7ff6a5e35216]
/opt/Xilinx/Vivado/2023.2/lib/lnx64.o/librdi_commontasks.so(+0x261f0e) [0x7ff691a61f0e]
/opt/Xilinx/Vivado/2023.2/lib/lnx64.o/libtcl8.5.so(+0x3356f) [0x7ff6a5e3356f]
/opt/Xilinx/Vivado/2023.2/lib/lnx64.o/libtcl8.5.so(+0x76945) [0x7ff6a5e76945]
/opt/Xilinx/Vivado/2023.2/lib/lnx64.o/libtcl8.5.so(TclObjInterpProcCore+0x420) [0x7ff6a5eb7ed0]
/opt/Xilinx/Vivado/2023.2/lib/lnx64.o/libtcl8.5.so(+0x3356f) [0x7ff6a5e3356f]
/opt/Xilinx/Vivado/2023.2/lib/lnx64.o/libtcl8.5.so(+0x76945) [0x7ff6a5e76945]
/opt/Xilinx/Vivado/2023.2/lib/lnx64.o/libtcl8.5.so(+0x7e0f9) [0x7ff6a5e7e0f9]
/opt/Xilinx/Vivado/2023.2/lib/lnx64.o/libtcl8.5.so(TclEvalObjEx+0x76) [0x7ff6a5e35216]
/opt/Xilinx/Vivado/2023.2/lib/lnx64.o/libtcl8.5.so(+0x3e824) [0x7ff6a5e3e824]
/opt/Xilinx/Vivado/2023.2/lib/lnx64.o/libtcl8.5.so(+0x3356f) [0x7ff6a5e3356f]
/opt/Xilinx/Vivado/2023.2/lib/lnx64.o/libtcl8.5.so(+0x34bf8) [0x7ff6a5e34bf8]
/opt/Xilinx/Vivado/2023.2/lib/lnx64.o/libtcl8.5.so(Tcl_EvalEx+0x13) [0x7ff6a5e35163]
/opt/Xilinx/Vivado/2023.2/lib/lnx64.o/libtcl8.5.so(Tcl_FSEvalFileEx+0x1da) [0x7ff6a5e99d2a]
/opt/Xilinx/Vivado/2023.2/lib/lnx64.o/librdi_commontasks.so(+0x27e220) [0x7ff691a7e220]
/opt/Xilinx/Vivado/2023.2/lib/lnx64.o/librdi_common.so(+0xd7d9bf) [0x7ff6ab97d9bf]
/opt/Xilinx/Vivado/2023.2/lib/lnx64.o/libtcl8.5.so(+0x3356f) [0x7ff6a5e3356f]
/opt/Xilinx/Vivado/2023.2/lib/lnx64.o/libtcl8.5.so(Tcl_EvalObjv+0x32) [0x7ff6a5e336a2]
/opt/Xilinx/Vivado/2023.2/lib/lnx64.o/libtcl8.5.so(TclEvalObjEx+0x322) [0x7ff6a5e354c2]
/opt/Xilinx/Vivado/2023.2/lib/lnx64.o/librdi_commontasks.so(+0x2c5b6d) [0x7ff691ac5b6d]
/opt/Xilinx/Vivado/2023.2/lib/lnx64.o/librdi_commontasks.so(+0x2c717f) [0x7ff691ac717f]
/opt/Xilinx/Vivado/2023.2/lib/lnx64.o/librdi_common.so(+0xd7d9bf) [0x7ff6ab97d9bf]
/opt/Xilinx/Vivado/2023.2/lib/lnx64.o/libtcl8.5.so(+0x3356f) [0x7ff6a5e3356f]
/opt/Xilinx/Vivado/2023.2/lib/lnx64.o/libtcl8.5.so(Tcl_EvalObjv+0x32) [0x7ff6a5e336a2]
/opt/Xilinx/Vivado/2023.2/lib/lnx64.o/libtcl8.5.so(TclEvalObjEx+0x322) [0x7ff6a5e354c2]
/opt/Xilinx/Vivado/2023.2/lib/lnx64.o/librdi_commonmain.so(+0xe752) [0x7ff6ac76b752]
/opt/Xilinx/Vivado/2023.2/lib/lnx64.o/libtcl8.5.so(Tcl_Main+0x1d0) [0x7ff6a5ea02f0]
/opt/Xilinx/Vivado/2023.2/lib/lnx64.o/librdi_common.so(+0xda6f7b) [0x7ff6ab9a6f7b]
/lib64/libc.so.6(+0x8e907) [0x7ff6aa6ac907]
/lib64/libc.so.6(+0x115adc) [0x7ff6aa733adc]
